<?xml version="1.0" encoding="UTF-8"?>
<!-- Generated by org.testng.reporters.JUnitReportReporter -->
<testsuite skipped="0" hostname="DESKTOP-FDBNUR5" name="test1.Firsttest100" tests="1" failures="0" timestamp="04 Jun 2018 20:50:19 GMT" time="24.336" errors="0">
  <testcase name="launchGoogle" time="24.336" classname="test1.Firsttest100"/>
</testsuite> <!-- test1.Firsttest100 -->
