<?xml version="1.0" encoding="UTF-8"?>
<!-- Generated by org.testng.reporters.JUnitReportReporter -->
<testsuite skipped="0" hostname="DESKTOP-FDBNUR5" name="test.Test1" tests="1" failures="0" timestamp="26 May 2018 17:40:38 GMT" time="74.701" errors="0">
  <testcase name="launchGoogle" time="74.701" classname="test.Test1"/>
</testsuite> <!-- test.Test1 -->
