<?xml version="1.0" encoding="UTF-8"?>
<!-- Generated by org.testng.reporters.JUnitReportReporter -->
<testsuite skipped="0" hostname="DESKTOP-FDBNUR5" name="testsuites.Test001" tests="1" failures="0" timestamp="01 Jun 2018 22:26:46 GMT" time="79.866" errors="0">
  <testcase name="testFacebookHome" time="79.866" classname="testsuites.Test001"/>
</testsuite> <!-- testsuites.Test001 -->
